Training deep neural network...
Epoch 1/20
4384/4384 - 17s - 4ms/step - accuracy: 0.9171 - loss: 0.1843 - val_accuracy: 0.9964 - val_loss: 0.0342
Epoch 2/20
4384/4384 - 21s - 5ms/step - accuracy: 0.9239 - loss: 0.1560 - val_accuracy: 0.9935 - val_loss: 0.0349
Epoch 3/20
4384/4384 - 15s - 3ms/step - accuracy: 0.9255 - loss: 0.1515 - val_accuracy: 0.9926 - val_loss: 0.0320
Epoch 4/20
4384/4384 - 15s - 3ms/step - accuracy: 0.9259 - loss: 0.1492 - val_accuracy: 0.9884 - val_loss: 0.0362
Epoch 5/20
4384/4384 - 21s - 5ms/step - accuracy: 0.9274 - loss: 0.1464 - val_accuracy: 0.9936 - val_loss: 0.0267
Epoch 6/20
4384/4384 - 15s - 3ms/step - accuracy: 0.9278 - loss: 0.1452 - val_accuracy: 0.9951 - val_loss: 0.0225
Epoch 7/20
4384/4384 - 21s - 5ms/step - accuracy: 0.9291 - loss: 0.1440 - val_accuracy: 0.9926 - val_loss: 0.0252
Epoch 8/20
4384/4384 - 15s - 3ms/step - accuracy: 0.9292 - loss: 0.1432 - val_accuracy: 0.9896 - val_loss: 0.0285
Epoch 9/20
4384/4384 - 15s - 3ms/step - accuracy: 0.9300 - loss: 0.1416 - val_accuracy: 0.9917 - val_loss: 0.0286
Epoch 10/20
4384/4384 - 15s - 4ms/step - accuracy: 0.9305 - loss: 0.1406 - val_accuracy: 0.9912 - val_loss: 0.0316
Epoch 11/20
4384/4384 - 15s - 3ms/step - accuracy: 0.9312 - loss: 0.1401 - val_accuracy: 0.9885 - val_loss: 0.0288
Epoch 12/20
4384/4384 - 15s - 3ms/step - accuracy: 0.9312 - loss: 0.1395 - val_accuracy: 0.9909 - val_loss: 0.0262
Epoch 13/20
4384/4384 - 22s - 5ms/step - accuracy: 0.9318 - loss: 0.1390 - val_accuracy: 0.9905 - val_loss: 0.0322
Epoch 14/20
4384/4384 - 19s - 4ms/step - accuracy: 0.9316 - loss: 0.1390 - val_accuracy: 0.9895 - val_loss: 0.0291
Epoch 15/20
4384/4384 - 15s - 3ms/step - accuracy: 0.9328 - loss: 0.1376 - val_accuracy: 0.9869 - val_loss: 0.0331
Epoch 16/20
4384/4384 - 20s - 5ms/step - accuracy: 0.9321 - loss: 0.1371 - val_accuracy: 0.9866 - val_loss: 0.0350
Epoch 17/20
4384/4384 - 19s - 4ms/step - accuracy: 0.9327 - loss: 0.1370 - val_accuracy: 0.9887 - val_loss: 0.0271
Epoch 18/20
4384/4384 - 20s - 5ms/step - accuracy: 0.9326 - loss: 0.1366 - val_accuracy: 0.9865 - val_loss: 0.0306
Epoch 19/20
4384/4384 - 17s - 4ms/step - accuracy: 0.9325 - loss: 0.1370 - val_accuracy: 0.9909 - val_loss: 0.0299
Epoch 20/20
4384/4384 - 17s - 4ms/step - accuracy: 0.9324 - loss: 0.1355 - val_accuracy: 0.9862 - val_loss: 0.0315
Training complete. Model, scaler, and encoders saved.

[1m   1/2573[0m [37m====================[0m [1m4:14[0m 99ms/step
[1m  27/2573[0m [37m====================[0m [1m5s[0m 2ms/step   
[1m  54/2573[0m [37m====================[0m [1m4s[0m 2ms/step
[1m  75/2573[0m [37m====================[0m [1m5s[0m 2ms/step
[1m  96/2573[0m [37m====================[0m [1m5s[0m 2ms/step
[1m 125/2573[0m [37m====================[0m [1m5s[0m 2ms/step
[1m 152/2573[0m [32m=[0m[37m===================[0m [1m4s[0m 2ms/step
[1m 180/2573[0m [32m=[0m[37m===================[0m [1m4s[0m 2ms/step
[1m 216/2573[0m [32m=[0m[37m===================[0m [1m4s[0m 2ms/step
[1m 248/2573[0m [32m=[0m[37m===================[0m [1m4s[0m 2ms/step
[1m 275/2573[0m [32m==[0m[37m==================[0m [1m4s[0m 2ms/step
[1m 304/2573[0m [32m==[0m[37m==================[0m [1m4s[0m 2ms/step
[1m 345/2573[0m [32m==[0m[37m==================[0m [1m4s[0m 2ms/step
[1m 375/2573[0m [32m==[0m[37m==================[0m [1m4s[0m 2ms/step
[1m 399/2573[0m [32m===[0m[37m=================[0m [1m4s[0m 2ms/step
[1m 424/2573[0m [32m===[0m[37m=================[0m [1m4s[0m 2ms/step
[1m 445/2573[0m [32m===[0m[37m=================[0m [1m4s[0m 2ms/step
[1m 469/2573[0m [32m===[0m[37m=================[0m [1m4s[0m 2ms/step
[1m 497/2573[0m [32m===[0m[37m=================[0m [1m3s[0m 2ms/step
[1m 524/2573[0m [32m====[0m[37m================[0m [1m3s[0m 2ms/step
[1m 546/2573[0m [32m====[0m[37m================[0m [1m3s[0m 2ms/step
[1m 568/2573[0m [32m====[0m[37m================[0m [1m3s[0m 2ms/step
[1m 589/2573[0m [32m====[0m[37m================[0m [1m3s[0m 2ms/step
[1m 610/2573[0m [32m====[0m[37m================[0m [1m3s[0m 2ms/step
[1m 632/2573[0m [32m====[0m[37m================[0m [1m3s[0m 2ms/step
[1m 652/2573[0m [32m=====[0m[37m===============[0m [1m3s[0m 2ms/step
[1m 675/2573[0m [32m=====[0m[37m===============[0m [1m3s[0m 2ms/step
[1m 698/2573[0m [32m=====[0m[37m===============[0m [1m3s[0m 2ms/step
[1m 721/2573[0m [32m=====[0m[37m===============[0m [1m3s[0m 2ms/step
[1m 746/2573[0m [32m=====[0m[37m===============[0m [1m3s[0m 2ms/step
[1m 770/2573[0m [32m=====[0m[37m===============[0m [1m3s[0m 2ms/step
[1m 793/2573[0m [32m======[0m[37m==============[0m [1m3s[0m 2ms/step
[1m 818/2573[0m [32m======[0m[37m==============[0m [1m3s[0m 2ms/step
[1m 844/2573[0m [32m======[0m[37m==============[0m [1m3s[0m 2ms/step
[1m 866/2573[0m [32m======[0m[37m==============[0m [1m3s[0m 2ms/step
[1m 885/2573[0m [32m======[0m[37m==============[0m [1m3s[0m 2ms/step
[1m 902/2573[0m [32m=======[0m[37m=============[0m [1m3s[0m 2ms/step
[1m 927/2573[0m [32m=======[0m[37m=============[0m [1m3s[0m 2ms/step
[1m 957/2573[0m [32m=======[0m[37m=============[0m [1m3s[0m 2ms/step
[1m 991/2573[0m [32m=======[0m[37m=============[0m [1m3s[0m 2ms/step
[1m1024/2573[0m [32m=======[0m[37m=============[0m [1m3s[0m 2ms/step
[1m1040/2573[0m [32m========[0m[37m============[0m [1m3s[0m 2ms/step
[1m1064/2573[0m [32m========[0m[37m============[0m [1m3s[0m 2ms/step
[1m1092/2573[0m [32m========[0m[37m============[0m [1m3s[0m 2ms/step
[1m1120/2573[0m [32m========[0m[37m============[0m [1m2s[0m 2ms/step
[1m1150/2573[0m [32m========[0m[37m============[0m [1m2s[0m 2ms/step
[1m1180/2573[0m [32m=========[0m[37m===========[0m [1m2s[0m 2ms/step
[1m1210/2573[0m [32m=========[0m[37m===========[0m [1m2s[0m 2ms/step
[1m1240/2573[0m [32m=========[0m[37m===========[0m [1m2s[0m 2ms/step
[1m1271/2573[0m [32m=========[0m[37m===========[0m [1m2s[0m 2ms/step
[1m1300/2573[0m [32m==========[0m[37m==========[0m [1m2s[0m 2ms/step
[1m1330/2573[0m [32m==========[0m[37m==========[0m [1m2s[0m 2ms/step
[1m1358/2573[0m [32m==========[0m[37m==========[0m [1m2s[0m 2ms/step
[1m1388/2573[0m [32m==========[0m[37m==========[0m [1m2s[0m 2ms/step
[1m1416/2573[0m [32m===========[0m[37m=========[0m [1m2s[0m 2ms/step
[1m1444/2573[0m [32m===========[0m[37m=========[0m [1m2s[0m 2ms/step
[1m1474/2573[0m [32m===========[0m[37m=========[0m [1m2s[0m 2ms/step
[1m1500/2573[0m [32m===========[0m[37m=========[0m [1m2s[0m 2ms/step
[1m1528/2573[0m [32m===========[0m[37m=========[0m [1m2s[0m 2ms/step
[1m1558/2573[0m [32m============[0m[37m========[0m [1m1s[0m 2ms/step
[1m1586/2573[0m [32m============[0m[37m========[0m [1m1s[0m 2ms/step
[1m1597/2573[0m [32m============[0m[37m========[0m [1m1s[0m 2ms/step
[1m1609/2573[0m [32m============[0m[37m========[0m [1m1s[0m 2ms/step
[1m1628/2573[0m [32m============[0m[37m========[0m [1m1s[0m 2ms/step
[1m1642/2573[0m [32m============[0m[37m========[0m [1m1s[0m 2ms/step
[1m1664/2573[0m [32m============[0m[37m========[0m [1m1s[0m 2ms/step
[1m1693/2573[0m [32m=============[0m[37m=======[0m [1m1s[0m 2ms/step
[1m1720/2573[0m [32m=============[0m[37m=======[0m [1m1s[0m 2ms/step
[1m1750/2573[0m [32m=============[0m[37m=======[0m [1m1s[0m 2ms/step
[1m1781/2573[0m [32m=============[0m[37m=======[0m [1m1s[0m 2ms/step
[1m1811/2573[0m [32m==============[0m[37m======[0m [1m1s[0m 2ms/step
[1m1838/2573[0m [32m==============[0m[37m======[0m [1m1s[0m 2ms/step
[1m1866/2573[0m [32m==============[0m[37m======[0m [1m1s[0m 2ms/step
[1m1897/2573[0m [32m==============[0m[37m======[0m [1m1s[0m 2ms/step
[1m1928/2573[0m [32m==============[0m[37m======[0m [1m1s[0m 2ms/step
[1m1955/2573[0m [32m===============[0m[37m=====[0m [1m1s[0m 2ms/step
[1m1981/2573[0m [32m===============[0m[37m=====[0m [1m1s[0m 2ms/step
[1m2003/2573[0m [32m===============[0m[37m=====[0m [1m1s[0m 2ms/step
[1m2035/2573[0m [32m===============[0m[37m=====[0m [1m1s[0m 2ms/step
[1m2063/2573[0m [32m================[0m[37m====[0m [1m1s[0m 2ms/step
[1m2082/2573[0m [32m================[0m[37m====[0m [1m0s[0m 2ms/step
[1m2107/2573[0m [32m================[0m[37m====[0m [1m0s[0m 2ms/step
[1m2135/2573[0m [32m================[0m[37m====[0m [1m0s[0m 2ms/step
[1m2162/2573[0m [32m================[0m[37m====[0m [1m0s[0m 2ms/step
[1m2192/2573[0m [32m=================[0m[37m===[0m [1m0s[0m 2ms/step
[1m2219/2573[0m [32m=================[0m[37m===[0m [1m0s[0m 2ms/step
[1m2249/2573[0m [32m=================[0m[37m===[0m [1m0s[0m 2ms/step
[1m2278/2573[0m [32m=================[0m[37m===[0m [1m0s[0m 2ms/step
[1m2308/2573[0m [32m=================[0m[37m===[0m [1m0s[0m 2ms/step
[1m2339/2573[0m [32m==================[0m[37m==[0m [1m0s[0m 2ms/step
[1m2363/2573[0m [32m==================[0m[37m==[0m [1m0s[0m 2ms/step
[1m2384/2573[0m [32m==================[0m[37m==[0m [1m0s[0m 2ms/step
[1m2408/2573[0m [32m==================[0m[37m==[0m [1m0s[0m 2ms/step
[1m2431/2573[0m [32m==================[0m[37m==[0m [1m0s[0m 2ms/step
[1m2453/2573[0m [32m===================[0m[37m=[0m [1m0s[0m 2ms/step
[1m2476/2573[0m [32m===================[0m[37m=[0m [1m0s[0m 2ms/step
[1m2499/2573[0m [32m===================[0m[37m=[0m [1m0s[0m 2ms/step
[1m2522/2573[0m [32m===================[0m[37m=[0m [1m0s[0m 2ms/step
[1m2544/2573[0m [32m===================[0m[37m=[0m [1m0s[0m 2ms/step
[1m2567/2573[0m [32m===================[0m[37m=[0m [1m0s[0m 2ms/step
[1m2573/2573[0m [32m====================[0m[37m[0m [1m0s[0m 2ms/step
[1m2573/2573[0m [32m====================[0m[37m[0m [1m5s[0m 2ms/step
Test Accuracy: 0.8762328134868581
Classification Report:
              precision    recall  f1-score   support

           0       0.95      0.77      0.85     37000
           1       0.84      0.96      0.90     45332

    accuracy                           0.88     82332
   macro avg       0.89      0.87      0.87     82332
weighted avg       0.89      0.88      0.87     82332

