2025-05-09 09:19:50,534 - INFO - Script started.
2025-05-09 09:19:50,535 - INFO - Loading training data...
2025-05-09 09:19:51,144 - INFO - Building graph structure...
2025-05-09 09:20:07,059 - INFO - Splitting dataset...
2025-05-09 09:20:07,202 - INFO - Training GNN model...
2025-05-09 09:20:07,557 - INFO - Epoch 1, Loss: 1.1505
2025-05-09 09:20:07,785 - INFO - Epoch 2, Loss: 0.6111
2025-05-09 09:20:08,007 - INFO - Epoch 3, Loss: 0.4598
2025-05-09 09:20:08,235 - INFO - Epoch 4, Loss: 0.3913
2025-05-09 09:20:08,458 - INFO - Epoch 5, Loss: 0.3607
2025-05-09 09:20:08,683 - INFO - Epoch 6, Loss: 0.3465
2025-05-09 09:20:08,903 - INFO - Epoch 7, Loss: 0.3374
2025-05-09 09:20:09,117 - INFO - Epoch 8, Loss: 0.3282
2025-05-09 09:20:09,341 - INFO - Epoch 9, Loss: 0.3172
2025-05-09 09:20:09,559 - INFO - Epoch 10, Loss: 0.3049
2025-05-09 09:20:09,774 - INFO - Epoch 11, Loss: 0.2928
2025-05-09 09:20:09,994 - INFO - Epoch 12, Loss: 0.2813
2025-05-09 09:20:10,216 - INFO - Epoch 13, Loss: 0.2709
2025-05-09 09:20:10,467 - INFO - Epoch 14, Loss: 0.2617
2025-05-09 09:20:10,721 - INFO - Epoch 15, Loss: 0.2530
2025-05-09 09:20:10,960 - INFO - Epoch 16, Loss: 0.2445
2025-05-09 09:20:11,188 - INFO - Epoch 17, Loss: 0.2364
2025-05-09 09:20:11,426 - INFO - Epoch 18, Loss: 0.2290
2025-05-09 09:20:11,647 - INFO - Epoch 19, Loss: 0.2221
2025-05-09 09:20:11,868 - INFO - Epoch 20, Loss: 0.2155
2025-05-09 09:20:12,086 - INFO - Epoch 21, Loss: 0.2096
2025-05-09 09:20:12,315 - INFO - Epoch 22, Loss: 0.2045
2025-05-09 09:20:12,529 - INFO - Epoch 23, Loss: 0.2008
2025-05-09 09:20:12,755 - INFO - Epoch 24, Loss: 0.1985
2025-05-09 09:20:12,982 - INFO - Epoch 25, Loss: 0.1965
2025-05-09 09:20:13,227 - INFO - Epoch 26, Loss: 0.1939
2025-05-09 09:20:13,470 - INFO - Epoch 27, Loss: 0.1906
2025-05-09 09:20:13,691 - INFO - Epoch 28, Loss: 0.1876
2025-05-09 09:20:13,924 - INFO - Epoch 29, Loss: 0.1854
2025-05-09 09:20:14,139 - INFO - Epoch 30, Loss: 0.1841
2025-05-09 09:20:14,357 - INFO - Epoch 31, Loss: 0.1828
2025-05-09 09:20:14,574 - INFO - Epoch 32, Loss: 0.1811
2025-05-09 09:20:14,808 - INFO - Epoch 33, Loss: 0.1790
2025-05-09 09:20:15,029 - INFO - Epoch 34, Loss: 0.1769
2025-05-09 09:20:15,249 - INFO - Epoch 35, Loss: 0.1750
2025-05-09 09:20:15,465 - INFO - Epoch 36, Loss: 0.1733
2025-05-09 09:20:15,691 - INFO - Epoch 37, Loss: 0.1719
2025-05-09 09:20:15,924 - INFO - Epoch 38, Loss: 0.1708
2025-05-09 09:20:16,155 - INFO - Epoch 39, Loss: 0.1700
2025-05-09 09:20:16,375 - INFO - Epoch 40, Loss: 0.1695
2025-05-09 09:20:16,603 - INFO - Epoch 41, Loss: 0.1689
2025-05-09 09:20:16,828 - INFO - Epoch 42, Loss: 0.1683
2025-05-09 09:20:17,060 - INFO - Epoch 43, Loss: 0.1674
2025-05-09 09:20:17,333 - INFO - Epoch 44, Loss: 0.1664
2025-05-09 09:20:17,587 - INFO - Epoch 45, Loss: 0.1653
2025-05-09 09:20:17,847 - INFO - Epoch 46, Loss: 0.1642
2025-05-09 09:20:18,099 - INFO - Epoch 47, Loss: 0.1634
2025-05-09 09:20:18,353 - INFO - Epoch 48, Loss: 0.1627
2025-05-09 09:20:18,605 - INFO - Epoch 49, Loss: 0.1622
2025-05-09 09:20:18,844 - INFO - Epoch 50, Loss: 0.1618
2025-05-09 09:20:18,844 - INFO - Evaluating GNN model...
2025-05-09 09:20:18,971 - INFO - Test Accuracy: 0.9322478542302318
2025-05-09 09:20:18,971 - INFO - Classification Report:
2025-05-09 09:20:18,983 - INFO -               precision    recall  f1-score   support

           0       0.95      0.83      0.89     11198
           1       0.93      0.98      0.95     23871

    accuracy                           0.93     35069
   macro avg       0.94      0.91      0.92     35069
weighted avg       0.93      0.93      0.93     35069

2025-05-09 09:20:18,984 - INFO - Script execution completed.
