2025-05-09 06:39:33,287 - INFO - Script started.
2025-05-09 06:39:33,287 - INFO - Loading training data...
2025-05-09 06:39:34,540 - INFO - Building and training LSTM model...
2025-05-09 06:41:24,302 - WARNING - You are saving your model as an HDF5 file via `model.save()` or `keras.saving.save_model(model)`. This file format is considered legacy. We recommend using instead the native Keras format, e.g. `model.save('my_model.keras')` or `keras.saving.save_model(model, 'my_model.keras')`. 
2025-05-09 06:41:24,391 - INFO - LSTM model training complete and saved.
2025-05-09 06:41:24,391 - INFO - Loading testing data...
2025-05-09 06:41:24,894 - ERROR - Error occurred: y contains previously unseen labels: 'ACC'
2025-05-09 06:41:24,894 - INFO - Script execution completed.
2025-05-09 06:46:27,319 - INFO - Script started.
2025-05-09 06:46:27,319 - INFO - Loading training data...
2025-05-09 06:46:28,744 - INFO - Building and training LSTM model...
2025-05-09 06:47:37,603 - INFO - LSTM model training complete and saved.
2025-05-09 06:47:37,603 - INFO - Evaluating on test data...
2025-05-09 06:47:41,990 - INFO - Test Accuracy: 0.8586454841373949
2025-05-09 06:47:41,990 - INFO - Classification Report:
2025-05-09 06:47:41,997 - ERROR - Error occurred: object of type 'numpy.int64' has no len()
2025-05-09 06:47:41,997 - INFO - Script execution completed.
2025-05-09 06:50:09,533 - INFO - Script started.
2025-05-09 06:50:09,533 - INFO - Loading training data...
2025-05-09 06:50:10,902 - INFO - Building and training LSTM model...
2025-05-09 06:51:10,892 - INFO - LSTM model training complete and saved.
2025-05-09 06:51:10,892 - INFO - Evaluating on test data...
2025-05-09 06:51:14,897 - INFO - Test Accuracy: 0.8605766895010446
2025-05-09 06:51:14,897 - INFO - Classification Report:
2025-05-09 06:51:14,901 - ERROR - Error occurred: object of type 'numpy.int64' has no len()
2025-05-09 06:51:14,901 - INFO - Script execution completed.
2025-05-09 06:52:54,688 - INFO - Script started.
2025-05-09 06:52:54,688 - INFO - Loading training data...
2025-05-09 06:52:55,984 - INFO - Building and training LSTM model...
2025-05-09 06:53:56,617 - INFO - LSTM model training complete and saved.
2025-05-09 06:53:56,617 - INFO - Evaluating on test data...
2025-05-09 06:54:00,942 - INFO - Test Accuracy: 0.8623378516251275
2025-05-09 06:54:00,950 - INFO - Classification Report:
2025-05-09 06:54:01,006 - INFO - Script execution completed.
